#
# A fatal error has been detected by the Java Runtime Environment:
#
#  EXCEPTION_ACCESS_VIOLATION (0xc0000005) at pc=0x0000000058334439, pid=13448, tid=8196
#
# JRE version: Java(TM) SE Runtime Environment (7.0_80-b15) (build 1.7.0_80-b15)
# Java VM: Java HotSpot(TM) 64-Bit Server VM (24.80-b11 mixed mode windows-amd64 compressed oops)
# Problematic frame:
# V  [jvm.dll+0x54439]
#
# Failed to write core dump. Minidumps are not enabled by default on client versions of Windows
#
# If you would like to submit a bug report, please visit:
#   http://bugreport.java.com/bugreport/crash.jsp
#

---------------  T H R E A D  ---------------

Current thread (0x000000000d547000):  JavaThread "JDWP Transport Listener: dt_socket" daemon [_thread_in_vm, id=8196, stack(0x000000000eaa0000,0x000000000eba0000)]

siginfo: ExceptionCode=0xc0000005, reading address 0x000000000000000c

Registers:
RAX=0x000000000000000c, RBX=0x000000000d547000, RCX=0x0000000000000003, RDX=0x0000000000000000
RSP=0x000000000eb9f4e0, RBP=0x000000000000000c, RSI=0x0000000000000000, RDI=0x0000000000000010
R8 =0x00000007d5f1bfa0, R9 =0x0000000000000000, R10=0x0000000000000000, R11=0x0000000000000001
R12=0x0000000000000000, R13=0x000000000d540968, R14=0x0000000000000000, R15=0x0000000000000000
RIP=0x0000000058334439, EFLAGS=0x0000000000010246

Top of Stack: (sp=0x000000000eb9f4e0)
0x000000000eb9f4e0:   000000000d547000 0000000000000000
0x000000000eb9f4f0:   0000000000000000 000000000d547000
0x000000000eb9f500:   0000000000000000 00000000583fdad7
0x000000000eb9f510:   00000007d5f1bfa0 000000000eb9f630
0x000000000eb9f520:   000000000d54bfe0 000000000eb9f600
0x000000000eb9f530:   000000000d547000 0000000000000000
0x000000000eb9f540:   000000000d54bfe0 000000000eb9f630
0x000000000eb9f550:   0000000000000000 000000000d540968
0x000000000eb9f560:   0000000000000000 0000000058267d15
0x000000000eb9f570:   000000000eb9f600 000000000eb9f630
0x000000000eb9f580:   000000000d54bfe0 000000000d5471e8
0x000000000eb9f590:   000000000d58f00a 000000005826f090
0x000000000eb9f5a0:   000000000d010a01 000000000eb9f6a0
0x000000000eb9f5b0:   000000000d540501 000000000d540501
0x000000000eb9f5c0:   0000027100000013 000000000d010a00
0x000000000eb9f5d0:   000000000d551440 00000000584b1f8d 

Instructions: (pc=0x0000000058334439)
0x0000000058334419:   d2 48 8b c5 eb 18 48 8b d0 48 8b c5 48 d3 e2 48
0x0000000058334429:   03 15 81 64 6a 00 eb 06 48 8b 12 48 8b c7 48 98
0x0000000058334439:   8b 14 10 85 d2 74 2a 45 84 db 4c 63 c6 48 0f 45
0x0000000058334449:   fd 8d 47 0b 48 63 c8 48 83 e1 f8 48 c1 e9 03 8d 


Register to memory mapping:

RAX=0x000000000000000c is an unknown value
RBX=0x000000000d547000 is a thread
RCX=0x0000000000000003 is an unknown value
RDX=0x0000000000000000 is an unknown value
RSP=0x000000000eb9f4e0 is pointing into the stack for thread: 0x000000000d547000
RBP=0x000000000000000c is an unknown value
RSI=0x0000000000000000 is an unknown value
RDI=0x0000000000000010 is an unknown value
R8 =0x00000007d5f1bfa0 is an oop
java.lang.String 
 - klass: 'java/lang/String'
R9 =0x0000000000000000 is an unknown value
R10=0x0000000000000000 is an unknown value
R11=0x0000000000000001 is an unknown value
R12=0x0000000000000000 is an unknown value
R13=0x000000000d540968 is an unknown value
R14=0x0000000000000000 is an unknown value
R15=0x0000000000000000 is an unknown value


Stack: [0x000000000eaa0000,0x000000000eba0000],  sp=0x000000000eb9f4e0,  free space=1021k
Native frames: (J=compiled Java code, j=interpreted, Vv=VM code, C=native code)
V  [jvm.dll+0x54439]


---------------  P R O C E S S  ---------------

Java Threads: ( => current thread )
  0x000000000d56a000 JavaThread "Service Thread" daemon [_thread_blocked, id=13724, stack(0x000000000efa0000,0x000000000f0a0000)]
  0x000000000d569000 JavaThread "C2 CompilerThread1" daemon [_thread_blocked, id=13512, stack(0x000000000eea0000,0x000000000efa0000)]
  0x000000000d56c800 JavaThread "C2 CompilerThread0" daemon [_thread_blocked, id=3724, stack(0x000000000eda0000,0x000000000eea0000)]
  0x000000000d557800 JavaThread "JDWP Command Reader" daemon [_thread_in_native, id=13644, stack(0x000000000eca0000,0x000000000eda0000)]
  0x000000000d554800 JavaThread "JDWP Event Helper Thread" daemon [_thread_blocked, id=1644, stack(0x000000000eba0000,0x000000000eca0000)]
=>0x000000000d547000 JavaThread "JDWP Transport Listener: dt_socket" daemon [_thread_in_vm, id=8196, stack(0x000000000eaa0000,0x000000000eba0000)]
  0x000000000d541000 JavaThread "Attach Listener" daemon [_thread_blocked, id=2392, stack(0x000000000e9a0000,0x000000000eaa0000)]
  0x000000000d53e000 JavaThread "Signal Dispatcher" daemon [_thread_blocked, id=13664, stack(0x000000000e8a0000,0x000000000e9a0000)]
  0x000000000d4f1800 JavaThread "Finalizer" daemon [_thread_blocked, id=10216, stack(0x000000000e7a0000,0x000000000e8a0000)]
  0x000000000d4e7800 JavaThread "Reference Handler" daemon [_thread_blocked, id=13796, stack(0x000000000e6a0000,0x000000000e7a0000)]
  0x000000000529e000 JavaThread "main" [_thread_blocked, id=11020, stack(0x00000000034d0000,0x00000000035d0000)]

Other Threads:
  0x000000000d4e2000 VMThread [stack: 0x000000000e5a0000,0x000000000e6a0000] [id=8200]
  0x000000000d58c000 WatcherThread [stack: 0x000000000f0a0000,0x000000000f1a0000] [id=11544]

VM state:not at safepoint (normal execution)

VM Mutex/Monitor currently owned by a thread: None

Heap
 PSYoungGen      total 38400K, used 1997K [0x00000007d5e80000, 0x00000007d8900000, 0x0000000800000000)
  eden space 33280K, 6% used [0x00000007d5e80000,0x00000007d6073430,0x00000007d7f00000)
  from space 5120K, 0% used [0x00000007d8400000,0x00000007d8400000,0x00000007d8900000)
  to   space 5120K, 0% used [0x00000007d7f00000,0x00000007d7f00000,0x00000007d8400000)
 ParOldGen       total 86016K, used 0K [0x0000000781c00000, 0x0000000787000000, 0x00000007d5e80000)
  object space 86016K, 0% used [0x0000000781c00000,0x0000000781c00000,0x0000000787000000)
 PSPermGen       total 21504K, used 2576K [0x000000077ca00000, 0x000000077df00000, 0x0000000781c00000)
  object space 21504K, 11% used [0x000000077ca00000,0x000000077cc842d0,0x000000077df00000)

Card table byte_map: [0x00000000082a0000,0x00000000086c0000] byte_map_base: 0x00000000046bb000

Polling page: 0x0000000003080000

Code Cache  [0x00000000052a0000, 0x0000000005510000, 0x00000000082a0000)
 total_blobs=162 nmethods=0 adapters=138 free_code_cache=48774Kb largest_free_block=49944512

Compilation events (0 events):
No events

GC Heap History (0 events):
No events

Deoptimization events (0 events):
No events

Internal exceptions (2 events):
Event: 0.031 Thread 0x000000000529e000 Threw 0x00000007d5e8f630 at C:\re\jdk7u80\2329\hotspot\src\share\vm\prims\jni.cpp:3991
Event: 0.295 Thread 0x000000000529e000 Threw 0x00000007d5f172d0 at C:\re\jdk7u80\2329\hotspot\src\share\vm\prims\jvm.cpp:1319

Events (10 events):
Event: 161.124 Executing VM operation: ChangeSingleStep
Event: 161.124 Executing VM operation: ChangeSingleStep done
Event: 161.124 Executing VM operation: ChangeSingleStep
Event: 161.124 Executing VM operation: ChangeSingleStep done
Event: 161.144 Executing VM operation: GetOrSetLocal
Event: 161.144 Executing VM operation: GetOrSetLocal done
Event: 161.380 Executing VM operation: GetOrSetLocal
Event: 161.380 Executing VM operation: GetOrSetLocal done
Event: 161.380 Executing VM operation: GetOrSetLocal
Event: 161.380 Executing VM operation: GetOrSetLocal done


Dynamic libraries:
0x00007ff6f4b60000 - 0x00007ff6f4b93000 	E:\OpenSources\Java\jdk1.7.0_80\bin\javaw.exe
0x00007ffdbeb70000 - 0x00007ffdbed50000 	C:\WINDOWS\SYSTEM32\ntdll.dll
0x00007ffdbcdb0000 - 0x00007ffdbce5e000 	C:\WINDOWS\System32\KERNEL32.DLL
0x00007ffdbb310000 - 0x00007ffdbb576000 	C:\WINDOWS\System32\KERNELBASE.dll
0x00007ffdbc4b0000 - 0x00007ffdbc551000 	C:\WINDOWS\System32\ADVAPI32.dll
0x00007ffdbb8c0000 - 0x00007ffdbb95d000 	C:\WINDOWS\System32\msvcrt.dll
0x00007ffdbc8c0000 - 0x00007ffdbc91b000 	C:\WINDOWS\System32\sechost.dll
0x00007ffdbbf60000 - 0x00007ffdbc07f000 	C:\WINDOWS\System32\RPCRT4.dll
0x00007ffdbc6b0000 - 0x00007ffdbc83e000 	C:\WINDOWS\System32\USER32.dll
0x00007ffdbb750000 - 0x00007ffdbb770000 	C:\WINDOWS\System32\win32u.dll
0x00007ffdbb890000 - 0x00007ffdbb8b8000 	C:\WINDOWS\System32\GDI32.dll
0x00007ffdbb170000 - 0x00007ffdbb301000 	C:\WINDOWS\System32\gdi32full.dll
0x00007ffdba7a0000 - 0x00007ffdba83b000 	C:\WINDOWS\System32\msvcp_win.dll
0x00007ffdba840000 - 0x00007ffdba936000 	C:\WINDOWS\System32\ucrtbase.dll
0x00007ffdb5290000 - 0x00007ffdb54f9000 	C:\WINDOWS\WinSxS\amd64_microsoft.windows.common-controls_6595b64144ccf1df_6.0.16299.15_none_cc92fb402215d91d\COMCTL32.dll
0x00007ffdbc130000 - 0x00007ffdbc438000 	C:\WINDOWS\System32\combase.dll
0x00007ffdba940000 - 0x00007ffdba9b2000 	C:\WINDOWS\System32\bcryptPrimitives.dll
0x00007ffdbe640000 - 0x00007ffdbe66d000 	C:\WINDOWS\System32\IMM32.DLL
0x00007ffdba5b0000 - 0x00007ffdba5e1000 	C:\windows\system32\nvinitx.dll
0x00007ffdba5a0000 - 0x00007ffdba5aa000 	C:\WINDOWS\SYSTEM32\VERSION.dll
0x000000005a7b0000 - 0x000000005a7b6000 	C:\Program Files\NVIDIA Corporation\CoProcManager\_etoured.dll
0x00007ffdb4c20000 - 0x00007ffdb4c53000 	C:\Program Files\NVIDIA Corporation\CoProcManager\nvd3d9wrapx.dll
0x00007ffdbb960000 - 0x00007ffdbbdae000 	C:\WINDOWS\System32\SETUPAPI.dll
0x00007ffdbb820000 - 0x00007ffdbb86a000 	C:\WINDOWS\System32\cfgmgr32.dll
0x00007ffdb4bf0000 - 0x00007ffdb4c12000 	C:\Program Files\NVIDIA Corporation\CoProcManager\nvdxgiwrapx.dll
0x0000000058ac0000 - 0x0000000058b92000 	E:\OpenSources\Java\jdk1.7.0_80\jre\bin\msvcr100.dll
0x00000000582e0000 - 0x0000000058ab9000 	E:\OpenSources\Java\jdk1.7.0_80\jre\bin\server\jvm.dll
0x00007ffdbe7e0000 - 0x00007ffdbe7e8000 	C:\WINDOWS\System32\PSAPI.DLL
0x00007ffdb6480000 - 0x00007ffdb64a3000 	C:\WINDOWS\SYSTEM32\WINMM.dll
0x00007ffdaaa80000 - 0x00007ffdaaa89000 	C:\WINDOWS\SYSTEM32\WSOCK32.dll
0x00007ffdbc440000 - 0x00007ffdbc4ac000 	C:\WINDOWS\System32\WS2_32.dll
0x00007ffdb6420000 - 0x00007ffdb644a000 	C:\WINDOWS\SYSTEM32\WINMMBASE.dll
0x00000000582d0000 - 0x00000000582df000 	E:\OpenSources\Java\jdk1.7.0_80\jre\bin\verify.dll
0x00000000582a0000 - 0x00000000582c8000 	E:\OpenSources\Java\jdk1.7.0_80\jre\bin\java.dll
0x0000000058260000 - 0x0000000058295000 	E:\OpenSources\Java\jdk1.7.0_80\jre\bin\jdwp.dll
0x0000000058250000 - 0x0000000058258000 	E:\OpenSources\Java\jdk1.7.0_80\jre\bin\npt.dll
0x0000000058230000 - 0x0000000058246000 	E:\OpenSources\Java\jdk1.7.0_80\jre\bin\zip.dll
0x0000000058220000 - 0x0000000058229000 	E:\OpenSources\Java\jdk1.7.0_80\jre\bin\dt_socket.dll
0x00007ffd9a220000 - 0x00007ffd9a236000 	C:\WINDOWS\system32\napinsp.dll
0x00007ffd9a200000 - 0x00007ffd9a21a000 	C:\WINDOWS\system32\pnrpnsp.dll
0x00007ffdb8990000 - 0x00007ffdb89a8000 	C:\WINDOWS\system32\NLAapi.dll
0x00007ffdb9ed0000 - 0x00007ffdb9f36000 	C:\WINDOWS\System32\mswsock.dll
0x00007ffdb9ca0000 - 0x00007ffdb9d56000 	C:\WINDOWS\SYSTEM32\DNSAPI.dll
0x00007ffdbbf50000 - 0x00007ffdbbf58000 	C:\WINDOWS\System32\NSI.dll
0x00007ffdb9c60000 - 0x00007ffdb9c99000 	C:\WINDOWS\SYSTEM32\IPHLPAPI.DLL
0x00007ffd9a1f0000 - 0x00007ffd9a1fe000 	C:\WINDOWS\System32\winrnr.dll
0x00007ffdb4470000 - 0x00007ffdb44e0000 	C:\WINDOWS\System32\fwpuclnt.dll
0x00007ffdba1a0000 - 0x00007ffdba1c5000 	C:\WINDOWS\SYSTEM32\bcrypt.dll
0x00007ffdb4010000 - 0x00007ffdb401a000 	C:\Windows\System32\rasadhlp.dll
0x00007ffda6280000 - 0x00007ffda6448000 	C:\WINDOWS\SYSTEM32\dbghelp.dll

VM Arguments:
jvm_args: -agentlib:jdwp=transport=dt_socket,suspend=y,address=localhost:5875 -Dfile.encoding=GBK 
java_command: com._520it.eclipse.App
Launcher Type: SUN_STANDARD

Environment Variables:
PATH=E:\OpenSources\Java\jdk1.7.0_80\jre\bin;C:/Program Files/Java/jre1.8.0_74/bin/server;C:/Program Files/Java/jre1.8.0_74/bin;C:/Program Files/Java/jre1.8.0_74/lib/amd64;C:\ProgramData\Oracle\Java\javapath;C:\Program Files (x86)\Intel\iCLS Client\;C:\Program Files\Intel\iCLS Client\;C:\windows\system32;C:\windows;C:\windows\System32\Wbem;C:\windows\System32\WindowsPowerShell\v1.0\;C:\Program Files\Intel\Intel(R) Management Engine Components\DAL;C:\Program Files\Intel\Intel(R) Management Engine Components\IPT;C:\Program Files (x86)\Intel\Intel(R) Management Engine Components\DAL;C:\Program Files (x86)\Intel\Intel(R) Management Engine Components\IPT;C:\Program Files (x86)\NVIDIA Corporation\PhysX\Common;C:\WINDOWS\system32;C:\WINDOWS;C:\WINDOWS\System32\Wbem;C:\WINDOWS\System32\WindowsPowerShell\v1.0\;D:\Program Files\Git\cmd;C:\Users\Qyuelin\AppData\Local\Programs\Python\Python36\Scripts\;C:\Users\Qyuelin\AppData\Local\Programs\Python\Python36\;C:\Users\Qyuelin\AppData\Local\Microsoft\WindowsApps;E:\OpenSources\Java\jdk1.7.0_80\bin;D:\Program Files\Eclipse4jee_indigo\eclipse;
USERNAME=Qyuelin
OS=Windows_NT
PROCESSOR_IDENTIFIER=Intel64 Family 6 Model 58 Stepping 9, GenuineIntel



---------------  S Y S T E M  ---------------

OS: Windows 8.1 , 64 bit Build 9600 

CPU:total 4 (2 cores per cpu, 2 threads per core) family 6 model 58 stepping 9, cmov, cx8, fxsr, mmx, sse, sse2, sse3, ssse3, sse4.1, sse4.2, popcnt, avx, aes, erms, ht, tsc, tscinvbit, tscinv

Memory: 4k page, physical 8271616k(3844036k free), swap 10499840k(3283656k free)

vm_info: Java HotSpot(TM) 64-Bit Server VM (24.80-b11) for windows-amd64 JRE (1.7.0_80-b15), built on Apr 10 2015 11:26:34 by "java_re" with unknown MS VC++:1600

time: Sat Dec 23 11:22:03 2017
elapsed time: 161 seconds

